<?xml version="1.0" encoding="UTF-8"?>
<!-- Generated by org.testng.reporters.JUnitXMLReporter -->
<testsuite ignored="2" hostname="anupam-mac" failures="0" tests="0" time="0.004" errors="0" timestamp="2024-03-11T13:00:00 IST">
  <testcase classname="AnupamTesting.SeleniumFramework.tests.SubmitOrderTest" name="submitOrder" time="0.0">
    <ignored/>
  </testcase> <!-- submitOrder -->
  <testcase classname="AnupamTesting.SeleniumFramework.tests.SubmitOrderTest" name="orderHistory" time="0.0">
    <ignored/>
  </testcase> <!-- orderHistory -->
</testsuite>
